03:11:56 **** Incremental Build of configuration Debug for project STM32_dax ****
make -j16 all 
arm-none-eabi-gcc "../Core/Src/main.c" -mcpu=cortex-m7 -std=gnu11 -g3 -DDEBUG -DUSE_HAL_DRIVER -DSTM32F767xx -c -I../Core/Inc -I../Drivers/STM32F7xx_HAL_Driver/Inc -I../Drivers/STM32F7xx_HAL_Driver/Inc/Legacy -I../Drivers/CMSIS/Device/ST/STM32F7xx/Include -I../Drivers/CMSIS/Include -O0 -ffunction-sections -fdata-sections -Wall -fstack-usage -MMD -MP -MF"Core/Src/main.d" -MT"Core/Src/main.o" --specs=nano.specs -mfpu=fpv5-d16 -mfloat-abi=hard -mthumb -o "Core/Src/main.o"
../Core/Src/main.c: In function 'main':
../Core/Src/main.c:338:29: warning: passing argument 2 of 'HAL_I2S_Transmit' discards 'const' qualifier from pointer target type [-Wdiscarded-qualifiers]
  338 |    HAL_I2S_Transmit(&hi2s1, triangle_wave, sizeof(triangle_wave)/sizeof(triangle_wave[0]), 10);
      |                             ^~~~~~~~~~~~~
In file included from ../Core/Inc/stm32f7xx_hal_conf.h:354,
                 from ../Drivers/STM32F7xx_HAL_Driver/Inc/stm32f7xx_hal.h:30,
                 from ../Core/Inc/main.h:31,
                 from ../Core/Src/main.c:21:
../Drivers/STM32F7xx_HAL_Driver/Inc/stm32f7xx_hal_i2s.h:436:71: note: expected 'uint16_t *' {aka 'short unsigned int *'} but argument is of type 'const uint16_t *' {aka 'const short unsigned int *'}
  436 | HAL_StatusTypeDef HAL_I2S_Transmit(I2S_HandleTypeDef *hi2s, uint16_t *pData, uint16_t Size, uint32_t Timeout);
      |                                                             ~~~~~~~~~~^~~~~
../Core/Src/main.c: In function 'HAL_UART_RxCpltCallback':
../Core/Src/main.c:532:22: warning: suggest parentheses around comparison in operand of '&' [-Wparentheses]
  532 |     if(received_char == 0xF & msgnum)
      |        ~~~~~~~~~~~~~~^~~~~~
../Core/Src/main.c:540:45: warning: suggest parentheses around comparison in operand of '&' [-Wparentheses]
  540 |        if((received_char == 0xF7)  & msgnum == 0)
      |                                      ~~~~~~~^~~~
../Core/Src/main.c:547:25: warning: suggest parentheses around comparison in operand of '&' [-Wparentheses]
  547 |        if(received_char < 0x80 & msgnum == 0)
      |           ~~~~~~~~~~~~~~^~~~~~
../Core/Src/main.c:571:9: warning: implicit declaration of function 'ProcessReceivedMidiDatas' [-Wimplicit-function-declaration]
  571 |         ProcessReceivedMidiDatas();
      |         ^~~~~~~~~~~~~~~~~~~~~~~~
../Core/Src/main.c:577:47: warning: suggest parentheses around comparison in operand of '&' [-Wparentheses]
  577 |          if((received_char == 0xF7)  & msgnum == 0)
      |                                        ~~~~~~~^~~~
../Core/Src/main.c:582:27: warning: suggest parentheses around comparison in operand of '&' [-Wparentheses]
  582 |          if(received_char < 0x80 & msgnum == 0)return;
      |             ~~~~~~~~~~~~~~^~~~~~
../Core/Src/main.c: At top level:
../Core/Src/main.c:611:6: warning: conflicting types for 'ProcessReceivedMidiDatas'
  611 | void ProcessReceivedMidiDatas(void)
      |      ^~~~~~~~~~~~~~~~~~~~~~~~
../Core/Src/main.c:571:9: note: previous implicit declaration of 'ProcessReceivedMidiDatas' was here
  571 |         ProcessReceivedMidiDatas();
      |         ^~~~~~~~~~~~~~~~~~~~~~~~
../Core/Src/main.c: In function 'play_note':
../Core/Src/main.c:657:27: warning: passing argument 2 of 'HAL_I2S_Transmit' discards 'const' qualifier from pointer target type [-Wdiscarded-qualifiers]
  657 |  HAL_I2S_Transmit(&hi2s1, triangle_wave, sizeof(triangle_wave)/sizeof(triangle_wave[0]), 10);
      |                           ^~~~~~~~~~~~~
In file included from ../Core/Inc/stm32f7xx_hal_conf.h:354,
                 from ../Drivers/STM32F7xx_HAL_Driver/Inc/stm32f7xx_hal.h:30,
                 from ../Core/Inc/main.h:31,
                 from ../Core/Src/main.c:21:
../Drivers/STM32F7xx_HAL_Driver/Inc/stm32f7xx_hal_i2s.h:436:71: note: expected 'uint16_t *' {aka 'short unsigned int *'} but argument is of type 'const uint16_t *' {aka 'const short unsigned int *'}
  436 | HAL_StatusTypeDef HAL_I2S_Transmit(I2S_HandleTypeDef *hi2s, uint16_t *pData, uint16_t Size, uint32_t Timeout);
      |                                                             ~~~~~~~~~~^~~~~
arm-none-eabi-gcc -o "STM32_dax.elf" @"objects.list"   -mcpu=cortex-m7 -T"C:\Users\Joshua\Documents\GitHub\STM32_GitHub\STM32_dax\STM32F767ZITX_FLASH.ld" --specs=nosys.specs -Wl,-Map="STM32_dax.map" -Wl,--gc-sections -static --specs=nano.specs -mfpu=fpv5-d16 -mfloat-abi=hard -mthumb -Wl,--start-group -lc -lm -Wl,--end-group
Finished building target: STM32_dax.elf
 
arm-none-eabi-size   STM32_dax.elf 
arm-none-eabi-objdump -h -S  STM32_dax.elf  > "STM32_dax.list"
arm-none-eabi-objcopy  -O binary  STM32_dax.elf  "STM32_dax.bin"
   text	   data	    bss	    dec	    hex	filename
  17304	     20	   2300	  19624	   4ca8	STM32_dax.elf
Finished building: default.size.stdout
 
Finished building: STM32_dax.bin
 
Finished building: STM32_dax.list
 

03:11:57 Build Finished. 0 errors, 9 warnings. (took 806ms)

